app/build/intermediates/manifest_merge_blame_file/debug/manifest-merger-blame-debug-report.txt
1<?xml version="1.0" encoding="utf-8"?>
2<manifest xmlns:android="http://schemas.android.com/apk/res/android"
3    package="com.smartexpense.ai"
4    android:versionCode="1"
5    android:versionName="1.0.0" >
6
7    <uses-sdk
8        android:minSdkVersion="26"
9        android:targetSdkVersion="34" />
10
11    <!-- SMS Permission for auto-parsing bank messages -->
12    <uses-permission android:name="android.permission.RECEIVE_SMS" />
12-->src/main/AndroidManifest.xml:6:5-70
12-->src/main/AndroidManifest.xml:6:22-67
13    <uses-permission android:name="android.permission.READ_SMS" />
13-->src/main/AndroidManifest.xml:7:5-67
13-->src/main/AndroidManifest.xml:7:22-64
14
15    <!-- Notification permission (Android 13+) -->
16    <uses-permission android:name="android.permission.POST_NOTIFICATIONS" />
16-->src/main/AndroidManifest.xml:10:5-77
16-->src/main/AndroidManifest.xml:10:22-74
17
18    <!-- Internet for Google Sign-In -->
19    <uses-permission android:name="android.permission.INTERNET" />
19-->src/main/AndroidManifest.xml:13:5-67
19-->src/main/AndroidManifest.xml:13:22-64
20
21    <!-- Schedule exact alarms for reminders -->
22    <uses-permission android:name="android.permission.SCHEDULE_EXACT_ALARM" />
22-->src/main/AndroidManifest.xml:16:5-79
22-->src/main/AndroidManifest.xml:16:22-76
23    <uses-permission android:name="android.permission.WAKE_LOCK" />
23-->[androidx.work:work-runtime:2.9.0] AndroidManifest.xml:23:5-68
23-->[androidx.work:work-runtime:2.9.0] AndroidManifest.xml:23:22-65
24    <uses-permission android:name="android.permission.ACCESS_NETWORK_STATE" />
24-->[androidx.work:work-runtime:2.9.0] AndroidManifest.xml:24:5-79
24-->[androidx.work:work-runtime:2.9.0] AndroidManifest.xml:24:22-76
25    <uses-permission android:name="android.permission.RECEIVE_BOOT_COMPLETED" />
25-->[androidx.work:work-runtime:2.9.0] AndroidManifest.xml:25:5-81
25-->[androidx.work:work-runtime:2.9.0] AndroidManifest.xml:25:22-78
26    <uses-permission android:name="android.permission.FOREGROUND_SERVICE" />
26-->[androidx.work:work-runtime:2.9.0] AndroidManifest.xml:26:5-77
26-->[androidx.work:work-runtime:2.9.0] AndroidManifest.xml:26:22-74
27
28    <permission
28-->[androidx.core:core:1.12.0] AndroidManifest.xml:22:5-24:47
29        android:name="com.smartexpense.ai.DYNAMIC_RECEIVER_NOT_EXPORTED_PERMISSION"
29-->[androidx.core:core:1.12.0] AndroidManifest.xml:23:9-81
30        android:protectionLevel="signature" />
30-->[androidx.core:core:1.12.0] AndroidManifest.xml:24:9-44
31
32    <uses-permission android:name="com.smartexpense.ai.DYNAMIC_RECEIVER_NOT_EXPORTED_PERMISSION" />
32-->[androidx.core:core:1.12.0] AndroidManifest.xml:26:5-97
32-->[androidx.core:core:1.12.0] AndroidManifest.xml:26:22-94
33
34    <application
34-->src/main/AndroidManifest.xml:18:5-56:19
35        android:name="com.smartexpense.ai.SmartExpenseApp"
35-->src/main/AndroidManifest.xml:19:9-40
36        android:allowBackup="true"
36-->src/main/AndroidManifest.xml:20:9-35
37        android:appComponentFactory="androidx.core.app.CoreComponentFactory"
37-->[androidx.core:core:1.12.0] AndroidManifest.xml:28:18-86
38        android:debuggable="true"
39        android:extractNativeLibs="false"
40        android:icon="@mipmap/ic_launcher"
40-->src/main/AndroidManifest.xml:21:9-43
41        android:label="@string/app_name"
41-->src/main/AndroidManifest.xml:22:9-41
42        android:roundIcon="@mipmap/ic_launcher_round"
42-->src/main/AndroidManifest.xml:23:9-54
43        android:supportsRtl="true"
43-->src/main/AndroidManifest.xml:24:9-35
44        android:testOnly="true"
45        android:theme="@style/Theme.SmartExpense" >
45-->src/main/AndroidManifest.xml:25:9-50
46        <activity
46-->src/main/AndroidManifest.xml:28:9-36:20
47            android:name="com.smartexpense.ai.MainActivity"
47-->src/main/AndroidManifest.xml:29:13-41
48            android:exported="true"
48-->src/main/AndroidManifest.xml:30:13-36
49            android:theme="@style/Theme.SmartExpense" >
49-->src/main/AndroidManifest.xml:31:13-54
50            <intent-filter>
50-->src/main/AndroidManifest.xml:32:13-35:29
51                <action android:name="android.intent.action.MAIN" />
51-->src/main/AndroidManifest.xml:33:17-69
51-->src/main/AndroidManifest.xml:33:25-66
52
53                <category android:name="android.intent.category.LAUNCHER" />
53-->src/main/AndroidManifest.xml:34:17-77
53-->src/main/AndroidManifest.xml:34:27-74
54            </intent-filter>
55        </activity>
56
57        <!-- SMS Broadcast Receiver -->
58        <receiver
58-->src/main/AndroidManifest.xml:39:9-46:20
59            android:name="com.smartexpense.ai.service.sms.SmsBroadcastReceiver"
59-->src/main/AndroidManifest.xml:40:13-61
60            android:exported="true"
60-->src/main/AndroidManifest.xml:41:13-36
61            android:permission="android.permission.BROADCAST_SMS" >
61-->src/main/AndroidManifest.xml:42:13-66
62            <intent-filter android:priority="999" >
62-->src/main/AndroidManifest.xml:43:13-45:29
62-->src/main/AndroidManifest.xml:43:28-50
63                <action android:name="android.provider.Telephony.SMS_RECEIVED" />
63-->src/main/AndroidManifest.xml:44:17-82
63-->src/main/AndroidManifest.xml:44:25-79
64            </intent-filter>
65        </receiver>
66
67        <!-- Notification Worker -->
68        <provider
69            android:name="androidx.startup.InitializationProvider"
69-->src/main/AndroidManifest.xml:50:13-67
70            android:authorities="com.smartexpense.ai.androidx-startup"
70-->src/main/AndroidManifest.xml:51:13-68
71            android:exported="false" >
71-->src/main/AndroidManifest.xml:52:13-37
72            <meta-data
72-->[androidx.emoji2:emoji2:1.2.0] AndroidManifest.xml:29:13-31:52
73                android:name="androidx.emoji2.text.EmojiCompatInitializer"
73-->[androidx.emoji2:emoji2:1.2.0] AndroidManifest.xml:30:17-75
74                android:value="androidx.startup" />
74-->[androidx.emoji2:emoji2:1.2.0] AndroidManifest.xml:31:17-49
75            <meta-data
75-->[androidx.work:work-runtime:2.9.0] AndroidManifest.xml:34:13-36:52
76                android:name="androidx.work.WorkManagerInitializer"
76-->[androidx.work:work-runtime:2.9.0] AndroidManifest.xml:35:17-68
77                android:value="androidx.startup" />
77-->[androidx.work:work-runtime:2.9.0] AndroidManifest.xml:36:17-49
78            <meta-data
78-->[androidx.lifecycle:lifecycle-process:2.7.0] AndroidManifest.xml:29:13-31:52
79                android:name="androidx.lifecycle.ProcessLifecycleInitializer"
79-->[androidx.lifecycle:lifecycle-process:2.7.0] AndroidManifest.xml:30:17-78
80                android:value="androidx.startup" />
80-->[androidx.lifecycle:lifecycle-process:2.7.0] AndroidManifest.xml:31:17-49
81            <meta-data
81-->[androidx.profileinstaller:profileinstaller:1.3.0] AndroidManifest.xml:29:13-31:52
82                android:name="androidx.profileinstaller.ProfileInstallerInitializer"
82-->[androidx.profileinstaller:profileinstaller:1.3.0] AndroidManifest.xml:30:17-85
83                android:value="androidx.startup" />
83-->[androidx.profileinstaller:profileinstaller:1.3.0] AndroidManifest.xml:31:17-49
84        </provider>
85
86        <activity
86-->[com.google.android.gms:play-services-auth:20.7.0] AndroidManifest.xml:23:9-27:75
87            android:name="com.google.android.gms.auth.api.signin.internal.SignInHubActivity"
87-->[com.google.android.gms:play-services-auth:20.7.0] AndroidManifest.xml:24:13-93
88            android:excludeFromRecents="true"
88-->[com.google.android.gms:play-services-auth:20.7.0] AndroidManifest.xml:25:13-46
89            android:exported="false"
89-->[com.google.android.gms:play-services-auth:20.7.0] AndroidManifest.xml:26:13-37
90            android:theme="@android:style/Theme.Translucent.NoTitleBar" />
90-->[com.google.android.gms:play-services-auth:20.7.0] AndroidManifest.xml:27:13-72
91        <!--
92            Service handling Google Sign-In user revocation. For apps that do not integrate with
93            Google Sign-In, this service will never be started.
94        -->
95        <service
95-->[com.google.android.gms:play-services-auth:20.7.0] AndroidManifest.xml:33:9-37:51
96            android:name="com.google.android.gms.auth.api.signin.RevocationBoundService"
96-->[com.google.android.gms:play-services-auth:20.7.0] AndroidManifest.xml:34:13-89
97            android:exported="true"
97-->[com.google.android.gms:play-services-auth:20.7.0] AndroidManifest.xml:35:13-36
98            android:permission="com.google.android.gms.auth.api.signin.permission.REVOCATION_NOTIFICATION"
98-->[com.google.android.gms:play-services-auth:20.7.0] AndroidManifest.xml:36:13-107
99            android:visibleToInstantApps="true" />
99-->[com.google.android.gms:play-services-auth:20.7.0] AndroidManifest.xml:37:13-48
100
101        <activity
101-->[com.google.android.gms:play-services-base:18.0.1] AndroidManifest.xml:20:9-22:45
102            android:name="com.google.android.gms.common.api.GoogleApiActivity"
102-->[com.google.android.gms:play-services-base:18.0.1] AndroidManifest.xml:20:19-85
103            android:exported="false"
103-->[com.google.android.gms:play-services-base:18.0.1] AndroidManifest.xml:22:19-43
104            android:theme="@android:style/Theme.Translucent.NoTitleBar" />
104-->[com.google.android.gms:play-services-base:18.0.1] AndroidManifest.xml:21:19-78
105
106        <meta-data
106-->[com.google.android.gms:play-services-basement:18.2.0] AndroidManifest.xml:21:9-23:69
107            android:name="com.google.android.gms.version"
107-->[com.google.android.gms:play-services-basement:18.2.0] AndroidManifest.xml:22:13-58
108            android:value="@integer/google_play_services_version" />
108-->[com.google.android.gms:play-services-basement:18.2.0] AndroidManifest.xml:23:13-66
109
110        <service
110-->[androidx.work:work-runtime:2.9.0] AndroidManifest.xml:39:9-45:35
111            android:name="androidx.work.impl.background.systemalarm.SystemAlarmService"
111-->[androidx.work:work-runtime:2.9.0] AndroidManifest.xml:40:13-88
112            android:directBootAware="false"
112-->[androidx.work:work-runtime:2.9.0] AndroidManifest.xml:41:13-44
113            android:enabled="@bool/enable_system_alarm_service_default"
113-->[androidx.work:work-runtime:2.9.0] AndroidManifest.xml:42:13-72
114            android:exported="false" />
114-->[androidx.work:work-runtime:2.9.0] AndroidManifest.xml:43:13-37
115        <service
115-->[androidx.work:work-runtime:2.9.0] AndroidManifest.xml:46:9-52:35
116            android:name="androidx.work.impl.background.systemjob.SystemJobService"
116-->[androidx.work:work-runtime:2.9.0] AndroidManifest.xml:47:13-84
117            android:directBootAware="false"
117-->[androidx.work:work-runtime:2.9.0] AndroidManifest.xml:48:13-44
118            android:enabled="@bool/enable_system_job_service_default"
118-->[androidx.work:work-runtime:2.9.0] AndroidManifest.xml:49:13-70
119            android:exported="true"
119-->[androidx.work:work-runtime:2.9.0] AndroidManifest.xml:50:13-36
120            android:permission="android.permission.BIND_JOB_SERVICE" />
120-->[androidx.work:work-runtime:2.9.0] AndroidManifest.xml:51:13-69
121        <service
121-->[androidx.work:work-runtime:2.9.0] AndroidManifest.xml:53:9-59:35
122            android:name="androidx.work.impl.foreground.SystemForegroundService"
122-->[androidx.work:work-runtime:2.9.0] AndroidManifest.xml:54:13-81
123            android:directBootAware="false"
123-->[androidx.work:work-runtime:2.9.0] AndroidManifest.xml:55:13-44
124            android:enabled="@bool/enable_system_foreground_service_default"
124-->[androidx.work:work-runtime:2.9.0] AndroidManifest.xml:56:13-77
125            android:exported="false" />
125-->[androidx.work:work-runtime:2.9.0] AndroidManifest.xml:57:13-37
126
127        <receiver
127-->[androidx.work:work-runtime:2.9.0] AndroidManifest.xml:61:9-66:35
128            android:name="androidx.work.impl.utils.ForceStopRunnable$BroadcastReceiver"
128-->[androidx.work:work-runtime:2.9.0] AndroidManifest.xml:62:13-88
129            android:directBootAware="false"
129-->[androidx.work:work-runtime:2.9.0] AndroidManifest.xml:63:13-44
130            android:enabled="true"
130-->[androidx.work:work-runtime:2.9.0] AndroidManifest.xml:64:13-35
131            android:exported="false" />
131-->[androidx.work:work-runtime:2.9.0] AndroidManifest.xml:65:13-37
132        <receiver
132-->[androidx.work:work-runtime:2.9.0] AndroidManifest.xml:67:9-77:20
133            android:name="androidx.work.impl.background.systemalarm.ConstraintProxy$BatteryChargingProxy"
133-->[androidx.work:work-runtime:2.9.0] AndroidManifest.xml:68:13-106
134            android:directBootAware="false"
134-->[androidx.work:work-runtime:2.9.0] AndroidManifest.xml:69:13-44
135            android:enabled="false"
135-->[androidx.work:work-runtime:2.9.0] AndroidManifest.xml:70:13-36
136            android:exported="false" >
136-->[androidx.work:work-runtime:2.9.0] AndroidManifest.xml:71:13-37
137            <intent-filter>
137-->[androidx.work:work-runtime:2.9.0] AndroidManifest.xml:73:13-76:29
138                <action android:name="android.intent.action.ACTION_POWER_CONNECTED" />
138-->[androidx.work:work-runtime:2.9.0] AndroidManifest.xml:74:17-87
138-->[androidx.work:work-runtime:2.9.0] AndroidManifest.xml:74:25-84
139                <action android:name="android.intent.action.ACTION_POWER_DISCONNECTED" />
139-->[androidx.work:work-runtime:2.9.0] AndroidManifest.xml:75:17-90
139-->[androidx.work:work-runtime:2.9.0] AndroidManifest.xml:75:25-87
140            </intent-filter>
141        </receiver>
142        <receiver
142-->[androidx.work:work-runtime:2.9.0] AndroidManifest.xml:78:9-88:20
143            android:name="androidx.work.impl.background.systemalarm.ConstraintProxy$BatteryNotLowProxy"
143-->[androidx.work:work-runtime:2.9.0] AndroidManifest.xml:79:13-104
144            android:directBootAware="false"
144-->[androidx.work:work-runtime:2.9.0] AndroidManifest.xml:80:13-44
145            android:enabled="false"
145-->[androidx.work:work-runtime:2.9.0] AndroidManifest.xml:81:13-36
146            android:exported="false" >
146-->[androidx.work:work-runtime:2.9.0] AndroidManifest.xml:82:13-37
147            <intent-filter>
147-->[androidx.work:work-runtime:2.9.0] AndroidManifest.xml:84:13-87:29
148                <action android:name="android.intent.action.BATTERY_OKAY" />
148-->[androidx.work:work-runtime:2.9.0] AndroidManifest.xml:85:17-77
148-->[androidx.work:work-runtime:2.9.0] AndroidManifest.xml:85:25-74
149                <action android:name="android.intent.action.BATTERY_LOW" />
149-->[androidx.work:work-runtime:2.9.0] AndroidManifest.xml:86:17-76
149-->[androidx.work:work-runtime:2.9.0] AndroidManifest.xml:86:25-73
150            </intent-filter>
151        </receiver>
152        <receiver
152-->[androidx.work:work-runtime:2.9.0] AndroidManifest.xml:89:9-99:20
153            android:name="androidx.work.impl.background.systemalarm.ConstraintProxy$StorageNotLowProxy"
153-->[androidx.work:work-runtime:2.9.0] AndroidManifest.xml:90:13-104
154            android:directBootAware="false"
154-->[androidx.work:work-runtime:2.9.0] AndroidManifest.xml:91:13-44
155            android:enabled="false"
155-->[androidx.work:work-runtime:2.9.0] AndroidManifest.xml:92:13-36
156            android:exported="false" >
156-->[androidx.work:work-runtime:2.9.0] AndroidManifest.xml:93:13-37
157            <intent-filter>
157-->[androidx.work:work-runtime:2.9.0] AndroidManifest.xml:95:13-98:29
158                <action android:name="android.intent.action.DEVICE_STORAGE_LOW" />
158-->[androidx.work:work-runtime:2.9.0] AndroidManifest.xml:96:17-83
158-->[androidx.work:work-runtime:2.9.0] AndroidManifest.xml:96:25-80
159                <action android:name="android.intent.action.DEVICE_STORAGE_OK" />
159-->[androidx.work:work-runtime:2.9.0] AndroidManifest.xml:97:17-82
159-->[androidx.work:work-runtime:2.9.0] AndroidManifest.xml:97:25-79
160            </intent-filter>
161        </receiver>
162        <receiver
162-->[androidx.work:work-runtime:2.9.0] AndroidManifest.xml:100:9-109:20
163            android:name="androidx.work.impl.background.systemalarm.ConstraintProxy$NetworkStateProxy"
163-->[androidx.work:work-runtime:2.9.0] AndroidManifest.xml:101:13-103
164            android:directBootAware="false"
164-->[androidx.work:work-runtime:2.9.0] AndroidManifest.xml:102:13-44
165            android:enabled="false"
165-->[androidx.work:work-runtime:2.9.0] AndroidManifest.xml:103:13-36
166            android:exported="false" >
166-->[androidx.work:work-runtime:2.9.0] AndroidManifest.xml:104:13-37
167            <intent-filter>
167-->[androidx.work:work-runtime:2.9.0] AndroidManifest.xml:106:13-108:29
168                <action android:name="android.net.conn.CONNECTIVITY_CHANGE" />
168-->[androidx.work:work-runtime:2.9.0] AndroidManifest.xml:107:17-79
168-->[androidx.work:work-runtime:2.9.0] AndroidManifest.xml:107:25-76
169            </intent-filter>
170        </receiver>
171        <receiver
171-->[androidx.work:work-runtime:2.9.0] AndroidManifest.xml:110:9-121:20
172            android:name="androidx.work.impl.background.systemalarm.RescheduleReceiver"
172-->[androidx.work:work-runtime:2.9.0] AndroidManifest.xml:111:13-88
173            android:directBootAware="false"
173-->[androidx.work:work-runtime:2.9.0] AndroidManifest.xml:112:13-44
174            android:enabled="false"
174-->[androidx.work:work-runtime:2.9.0] AndroidManifest.xml:113:13-36
175            android:exported="false" >
175-->[androidx.work:work-runtime:2.9.0] AndroidManifest.xml:114:13-37
176            <intent-filter>
176-->[androidx.work:work-runtime:2.9.0] AndroidManifest.xml:116:13-120:29
177                <action android:name="android.intent.action.BOOT_COMPLETED" />
177-->[androidx.work:work-runtime:2.9.0] AndroidManifest.xml:117:17-79
177-->[androidx.work:work-runtime:2.9.0] AndroidManifest.xml:117:25-76
178                <action android:name="android.intent.action.TIME_SET" />
178-->[androidx.work:work-runtime:2.9.0] AndroidManifest.xml:118:17-73
178-->[androidx.work:work-runtime:2.9.0] AndroidManifest.xml:118:25-70
179                <action android:name="android.intent.action.TIMEZONE_CHANGED" />
179-->[androidx.work:work-runtime:2.9.0] AndroidManifest.xml:119:17-81
179-->[androidx.work:work-runtime:2.9.0] AndroidManifest.xml:119:25-78
180            </intent-filter>
181        </receiver>
182        <receiver
182-->[androidx.work:work-runtime:2.9.0] AndroidManifest.xml:122:9-131:20
183            android:name="androidx.work.impl.background.systemalarm.ConstraintProxyUpdateReceiver"
183-->[androidx.work:work-runtime:2.9.0] AndroidManifest.xml:123:13-99
184            android:directBootAware="false"
184-->[androidx.work:work-runtime:2.9.0] AndroidManifest.xml:124:13-44
185            android:enabled="@bool/enable_system_alarm_service_default"
185-->[androidx.work:work-runtime:2.9.0] AndroidManifest.xml:125:13-72
186            android:exported="false" >
186-->[androidx.work:work-runtime:2.9.0] AndroidManifest.xml:126:13-37
187            <intent-filter>
187-->[androidx.work:work-runtime:2.9.0] AndroidManifest.xml:128:13-130:29
188                <action android:name="androidx.work.impl.background.systemalarm.UpdateProxies" />
188-->[androidx.work:work-runtime:2.9.0] AndroidManifest.xml:129:17-98
188-->[androidx.work:work-runtime:2.9.0] AndroidManifest.xml:129:25-95
189            </intent-filter>
190        </receiver>
191        <receiver
191-->[androidx.work:work-runtime:2.9.0] AndroidManifest.xml:132:9-142:20
192            android:name="androidx.work.impl.diagnostics.DiagnosticsReceiver"
192-->[androidx.work:work-runtime:2.9.0] AndroidManifest.xml:133:13-78
193            android:directBootAware="false"
193-->[androidx.work:work-runtime:2.9.0] AndroidManifest.xml:134:13-44
194            android:enabled="true"
194-->[androidx.work:work-runtime:2.9.0] AndroidManifest.xml:135:13-35
195            android:exported="true"
195-->[androidx.work:work-runtime:2.9.0] AndroidManifest.xml:136:13-36
196            android:permission="android.permission.DUMP" >
196-->[androidx.work:work-runtime:2.9.0] AndroidManifest.xml:137:13-57
197            <intent-filter>
197-->[androidx.work:work-runtime:2.9.0] AndroidManifest.xml:139:13-141:29
198                <action android:name="androidx.work.diagnostics.REQUEST_DIAGNOSTICS" />
198-->[androidx.work:work-runtime:2.9.0] AndroidManifest.xml:140:17-88
198-->[androidx.work:work-runtime:2.9.0] AndroidManifest.xml:140:25-85
199            </intent-filter>
200        </receiver>
201
202        <uses-library
202-->[androidx.window:window:1.0.0] AndroidManifest.xml:25:9-27:40
203            android:name="androidx.window.extensions"
203-->[androidx.window:window:1.0.0] AndroidManifest.xml:26:13-54
204            android:required="false" />
204-->[androidx.window:window:1.0.0] AndroidManifest.xml:27:13-37
205        <uses-library
205-->[androidx.window:window:1.0.0] AndroidManifest.xml:28:9-30:40
206            android:name="androidx.window.sidecar"
206-->[androidx.window:window:1.0.0] AndroidManifest.xml:29:13-51
207            android:required="false" />
207-->[androidx.window:window:1.0.0] AndroidManifest.xml:30:13-37
208
209        <service
209-->[androidx.room:room-runtime:2.6.1] AndroidManifest.xml:24:9-28:63
210            android:name="androidx.room.MultiInstanceInvalidationService"
210-->[androidx.room:room-runtime:2.6.1] AndroidManifest.xml:25:13-74
211            android:directBootAware="true"
211-->[androidx.room:room-runtime:2.6.1] AndroidManifest.xml:26:13-43
212            android:exported="false" />
212-->[androidx.room:room-runtime:2.6.1] AndroidManifest.xml:27:13-37
213
214        <receiver
214-->[androidx.profileinstaller:profileinstaller:1.3.0] AndroidManifest.xml:34:9-52:20
215            android:name="androidx.profileinstaller.ProfileInstallReceiver"
215-->[androidx.profileinstaller:profileinstaller:1.3.0] AndroidManifest.xml:35:13-76
216            android:directBootAware="false"
216-->[androidx.profileinstaller:profileinstaller:1.3.0] AndroidManifest.xml:36:13-44
217            android:enabled="true"
217-->[androidx.profileinstaller:profileinstaller:1.3.0] AndroidManifest.xml:37:13-35
218            android:exported="true"
218-->[androidx.profileinstaller:profileinstaller:1.3.0] AndroidManifest.xml:38:13-36
219            android:permission="android.permission.DUMP" >
219-->[androidx.profileinstaller:profileinstaller:1.3.0] AndroidManifest.xml:39:13-57
220            <intent-filter>
220-->[androidx.profileinstaller:profileinstaller:1.3.0] AndroidManifest.xml:40:13-42:29
221                <action android:name="androidx.profileinstaller.action.INSTALL_PROFILE" />
221-->[androidx.profileinstaller:profileinstaller:1.3.0] AndroidManifest.xml:41:17-91
221-->[androidx.profileinstaller:profileinstaller:1.3.0] AndroidManifest.xml:41:25-88
222            </intent-filter>
223            <intent-filter>
223-->[androidx.profileinstaller:profileinstaller:1.3.0] AndroidManifest.xml:43:13-45:29
224                <action android:name="androidx.profileinstaller.action.SKIP_FILE" />
224-->[androidx.profileinstaller:profileinstaller:1.3.0] AndroidManifest.xml:44:17-85
224-->[androidx.profileinstaller:profileinstaller:1.3.0] AndroidManifest.xml:44:25-82
225            </intent-filter>
226            <intent-filter>
226-->[androidx.profileinstaller:profileinstaller:1.3.0] AndroidManifest.xml:46:13-48:29
227                <action android:name="androidx.profileinstaller.action.SAVE_PROFILE" />
227-->[androidx.profileinstaller:profileinstaller:1.3.0] AndroidManifest.xml:47:17-88
227-->[androidx.profileinstaller:profileinstaller:1.3.0] AndroidManifest.xml:47:25-85
228            </intent-filter>
229            <intent-filter>
229-->[androidx.profileinstaller:profileinstaller:1.3.0] AndroidManifest.xml:49:13-51:29
230                <action android:name="androidx.profileinstaller.action.BENCHMARK_OPERATION" />
230-->[androidx.profileinstaller:profileinstaller:1.3.0] AndroidManifest.xml:50:17-95
230-->[androidx.profileinstaller:profileinstaller:1.3.0] AndroidManifest.xml:50:25-92
231            </intent-filter>
232        </receiver>
233    </application>
234
235</manifest>